<?xml version="1.0" encoding="UTF-8"?>
<!-- Generated by org.testng.reporters.JUnitXMLReporter -->
<testsuite ignored="0" hostname="Sebastians-MBP" failures="1" tests="1" name="Register" time="0.052" errors="0" timestamp="25 Feb 2021 07:00:50 GMT">
  <testcase classname="com.console.RunScript" name="runScript" time="0.045">
    <failure type="java.lang.AssertionError" message="org.codehaus.groovy.control.MultipleCompilationErrorsException: startup failed:
/Users/sebastiangilarranz/Desktop/Sebastian-2/NRE/bin/com/console/temp/scripts/Register/Script1611241895950.groovy: 8: unable to resolve class internal.GlobalVariable
 @ line 8, column 1.
   import internal.GlobalVariable
   ^

1 error
">
      <![CDATA[java.lang.AssertionError: org.codehaus.groovy.control.MultipleCompilationErrorsException: startup failed:
/Users/sebastiangilarranz/Desktop/Sebastian-2/NRE/bin/com/console/temp/scripts/Register/Script1611241895950.groovy: 8: unable to resolve class internal.GlobalVariable
 @ line 8, column 1.
   import internal.GlobalVariable
   ^

1 error

	at com.console.RunScript.runScript(RunScript.java:26)
	at com.console.Execute.run(Execute.java:61)
	at com.console.RunConsole.console(RunConsole.java:59)
	at com.console.Main.main(Main.java:85)
... Removed 23 stack frames]]>
    </failure>
  </testcase> <!-- runScript -->
</testsuite> <!-- Register -->
