<?xml version="1.0" encoding="UTF-8"?>
<!-- Generated by org.testng.reporters.JUnitXMLReporter -->
<testsuite ignored="0" hostname="Sebastians-MacBook-Pro.local" failures="0" tests="1" name="/Users/sebastiangilarranz/Desktop/Sebastian/PCTE-Similar1/Scripts/Verify Existing Contacts/Script1611259297228.groovy" time="4.226" errors="0" timestamp="15 Feb 2021 13:38:42 GMT">
  <testcase classname="console.RunScript" name="runScript" time="4.226"/>
</testsuite> <!-- /Users/sebastiangilarranz/Desktop/Sebastian/PCTE-Similar1/Scripts/Verify Existing Contacts/Script1611259297228.groovy -->
