<?xml version="1.0" encoding="UTF-8"?>
<!-- Generated by org.testng.reporters.JUnitXMLReporter -->
<testsuite ignored="0" hostname="Sebastians-MacBook-Pro.local" failures="0" tests="1" name="/Users/sebastiangilarranz/Desktop/Sebastian/PCTE-Similar1/Scripts/Add Contact_Delete Contact/Script1611247483450.groovy" time="7.346" errors="0" timestamp="15 Feb 2021 13:38:37 GMT">
  <testcase classname="console.RunScript" name="runScript" time="7.346"/>
</testsuite> <!-- /Users/sebastiangilarranz/Desktop/Sebastian/PCTE-Similar1/Scripts/Add Contact_Delete Contact/Script1611247483450.groovy -->
