<?xml version="1.0" encoding="UTF-8"?>
<!-- Generated by org.testng.reporters.JUnitXMLReporter -->
<testsuite ignored="0" hostname="Sebastians-MBP" failures="1" tests="1" name="Add Contact_Delete Contact" time="0.016" errors="0" timestamp="23 Feb 2021 05:34:56 GMT">
  <testcase classname="console.RunScript" name="runScript" time="0.016">
    <failure type="java.lang.AssertionError" message="org.codehaus.groovy.control.MultipleCompilationErrorsException: startup failed:
/Users/sebastiangilarranz/Downloads/Richard-main/temp/scripts/Add Contact_Delete Contact/Script1611247483450.groovy: 5: unable to resolve class com.kms.katalon.core.testdata.CSVData
 @ line 5, column 1.
   import com.kms.katalon.core.testdata.CSVData
   ^

/Users/sebastiangilarranz/Downloads/Richard-main/temp/scripts/Add Contact_Delete Contact/Script1611247483450.groovy: 6: unable to resolve class com.kms.katalon.core.testdata.reader.CSVSeparator
 @ line 6, column 1.
   import com.kms.katalon.core.testdata.reader.CSVSeparator
   ^

2 errors
">
      <![CDATA[java.lang.AssertionError: org.codehaus.groovy.control.MultipleCompilationErrorsException: startup failed:
/Users/sebastiangilarranz/Downloads/Richard-main/temp/scripts/Add Contact_Delete Contact/Script1611247483450.groovy: 5: unable to resolve class com.kms.katalon.core.testdata.CSVData
 @ line 5, column 1.
   import com.kms.katalon.core.testdata.CSVData
   ^

/Users/sebastiangilarranz/Downloads/Richard-main/temp/scripts/Add Contact_Delete Contact/Script1611247483450.groovy: 6: unable to resolve class com.kms.katalon.core.testdata.reader.CSVSeparator
 @ line 6, column 1.
   import com.kms.katalon.core.testdata.reader.CSVSeparator
   ^

2 errors

	at console.RunScript.runScript(RunScript.java:26)
	at console.Execute.run(Execute.java:61)
	at console.RunConsole.main(RunConsole.java:156)
... Removed 23 stack frames]]>
    </failure>
  </testcase> <!-- runScript -->
</testsuite> <!-- Add Contact_Delete Contact -->
