<?xml version="1.0" encoding="UTF-8"?>
<!-- Generated by org.testng.reporters.JUnitXMLReporter -->
<testsuite ignored="0" hostname="Sebastians-MBP" failures="1" tests="1" name="Login" time="0.041" errors="0" timestamp="25 Feb 2021 04:21:06 GMT">
  <testcase classname="com.console.RunScript" name="runScript" time="0.041">
    <failure type="java.lang.AssertionError" message="groovy.lang.MissingMethodException: No signature of method: static com.configuration.RunConfiguration.getExecutionProperties() is applicable for argument types: () values: []">
      <![CDATA[java.lang.AssertionError: groovy.lang.MissingMethodException: No signature of method: static com.configuration.RunConfiguration.getExecutionProperties() is applicable for argument types: () values: []
	at com.console.RunScript.runScript(RunScript.java:26)
	at com.console.Execute.run(Execute.java:61)
	at com.console.RunConsole.console(RunConsole.java:59)
	at com.console.Main.main(Main.java:85)
... Removed 23 stack frames]]>
    </failure>
  </testcase> <!-- runScript -->
</testsuite> <!-- Login -->
