<?xml version="1.0" encoding="UTF-8"?>
<testng-results ignored="0" total="4" passed="3" failed="1" skipped="0">
  <reporter-output>
  </reporter-output>
  <suite started-at="2021-02-24T19:47:08Z" name="TmpSuite" finished-at="2021-02-24T19:47:58Z" duration-ms="49853">
    <groups>
    </groups>
    <test started-at="2021-02-24T19:47:08Z" name="Register" finished-at="2021-02-24T19:47:30Z" duration-ms="21764">
      <class name="console.RunScript">
        <test-method signature="runScript(java.lang.String)[pri:0, instance:console.RunScript@3b809711]" started-at="2021-02-24T14:47:08Z" name="runScript" finished-at="2021-02-24T14:47:30Z" duration-ms="21747" status="FAIL">
          <params>
            <param index="0">
              <value>
                <![CDATA[temp/Scripts/Register/Script1611241895950.groovy]]>
              </value>
            </param>
          </params>
          <exception class="java.lang.AssertionError">
            <message>
              <![CDATA[Cucumber feature file failed.]]>
            </message>
            <full-stacktrace>
              <![CDATA[java.lang.AssertionError: Cucumber feature file failed.
	at org.junit.Assert.fail(Assert.java:89)
	at com.ucf.pcte.CucumberKW.runFeatureFile(CucumberKW.java:46)
	at com.ucf.pcte.CucumberKW$runFeatureFile.call(Unknown Source)
	at org.codehaus.groovy.runtime.callsite.CallSiteArray.defaultCall(CallSiteArray.java:47)
	at org.codehaus.groovy.runtime.callsite.AbstractCallSite.call(AbstractCallSite.java:125)
	at org.codehaus.groovy.runtime.callsite.AbstractCallSite.call(AbstractCallSite.java:139)
	at Script1611241895950.run(Script1611241895950.groovy:10)
	at groovy.lang.GroovyShell.evaluate(GroovyShell.java:427)
	at groovy.lang.GroovyShell.evaluate(GroovyShell.java:470)
	at console.RunScript.runScript(RunScript.java:23)
	at java.base/jdk.internal.reflect.NativeMethodAccessorImpl.invoke0(Native Method)
	at java.base/jdk.internal.reflect.NativeMethodAccessorImpl.invoke(NativeMethodAccessorImpl.java:64)
	at java.base/jdk.internal.reflect.DelegatingMethodAccessorImpl.invoke(DelegatingMethodAccessorImpl.java:43)
	at java.base/java.lang.reflect.Method.invoke(Method.java:564)
	at org.testng.internal.MethodInvocationHelper.invokeMethod(MethodInvocationHelper.java:108)
	at org.testng.internal.Invoker.invokeMethod(Invoker.java:661)
	at org.testng.internal.Invoker.invokeTestMethod(Invoker.java:869)
	at org.testng.internal.Invoker.invokeTestMethods(Invoker.java:1193)
	at org.testng.internal.TestMethodWorker.invokeTestMethods(TestMethodWorker.java:126)
	at org.testng.internal.TestMethodWorker.run(TestMethodWorker.java:109)
	at org.testng.TestRunner.privateRun(TestRunner.java:744)
	at org.testng.TestRunner.run(TestRunner.java:602)
	at org.testng.SuiteRunner.runTest(SuiteRunner.java:380)
	at org.testng.SuiteRunner.runSequentially(SuiteRunner.java:375)
	at org.testng.SuiteRunner.privateRun(SuiteRunner.java:340)
	at org.testng.SuiteRunner.run(SuiteRunner.java:289)
	at org.testng.SuiteRunnerWorker.runSuite(SuiteRunnerWorker.java:52)
	at org.testng.SuiteRunnerWorker.run(SuiteRunnerWorker.java:86)
	at org.testng.TestNG.runSuitesSequentially(TestNG.java:1301)
	at org.testng.TestNG.runSuitesLocally(TestNG.java:1226)
	at org.testng.TestNG.runSuites(TestNG.java:1144)
	at org.testng.TestNG.run(TestNG.java:1115)
	at console.Execute.run(Execute.java:62)
	at console.RunConsole.main(RunConsole.java:156)
]]>
            </full-stacktrace>
          </exception> <!-- java.lang.AssertionError -->
          <reporter-output>
          </reporter-output>
        </test-method> <!-- runScript -->
      </class> <!-- console.RunScript -->
    </test> <!-- Register -->
    <test started-at="2021-02-24T19:47:30Z" name="Login" finished-at="2021-02-24T19:47:44Z" duration-ms="13399">
      <class name="console.RunScript">
        <test-method signature="runScript(java.lang.String)[pri:0, instance:console.RunScript@6b530eb9]" started-at="2021-02-24T14:47:30Z" name="runScript" finished-at="2021-02-24T14:47:44Z" duration-ms="13399" status="PASS">
          <params>
            <param index="0">
              <value>
                <![CDATA[temp/Scripts/Login/Script1611188057074.groovy]]>
              </value>
            </param>
          </params>
          <reporter-output>
          </reporter-output>
        </test-method> <!-- runScript -->
      </class> <!-- console.RunScript -->
    </test> <!-- Login -->
    <test started-at="2021-02-24T19:47:44Z" name="Add Contact_Delete Contact" finished-at="2021-02-24T19:47:54Z" duration-ms="10743">
      <class name="console.RunScript">
        <test-method signature="runScript(java.lang.String)[pri:0, instance:console.RunScript@18ca3c62]" started-at="2021-02-24T14:47:44Z" name="runScript" finished-at="2021-02-24T14:47:54Z" duration-ms="10742" status="PASS">
          <params>
            <param index="0">
              <value>
                <![CDATA[temp/Scripts/Add Contact_Delete Contact/Script1611247483450.groovy]]>
              </value>
            </param>
          </params>
          <reporter-output>
          </reporter-output>
        </test-method> <!-- runScript -->
      </class> <!-- console.RunScript -->
    </test> <!-- Add Contact_Delete Contact -->
    <test started-at="2021-02-24T19:47:54Z" name="Verify Existing Contacts" finished-at="2021-02-24T19:47:58Z" duration-ms="3887">
      <class name="console.RunScript">
        <test-method signature="runScript(java.lang.String)[pri:0, instance:console.RunScript@88a8218]" started-at="2021-02-24T14:47:54Z" name="runScript" finished-at="2021-02-24T14:47:58Z" duration-ms="3886" status="PASS">
          <params>
            <param index="0">
              <value>
                <![CDATA[temp/Scripts/Verify Existing Contacts/Script1611259297228.groovy]]>
              </value>
            </param>
          </params>
          <reporter-output>
          </reporter-output>
        </test-method> <!-- runScript -->
      </class> <!-- console.RunScript -->
    </test> <!-- Verify Existing Contacts -->
  </suite> <!-- TmpSuite -->
</testng-results>
