<?xml version="1.0" encoding="UTF-8"?>
<testng-results ignored="0" total="4" passed="3" failed="1" skipped="0">
  <reporter-output>
  </reporter-output>
  <suite started-at="2021-02-25T04:20:52Z" name="TmpSuite" finished-at="2021-02-25T04:21:15Z" duration-ms="23751">
    <groups>
    </groups>
    <test started-at="2021-02-25T04:20:52Z" name="Register" finished-at="2021-02-25T04:21:06Z" duration-ms="14254">
      <class name="com.console.RunScript">
        <test-method signature="runScript(java.lang.String)[pri:0, instance:com.console.RunScript@632aa1a3]" started-at="2021-02-24T23:20:52Z" name="runScript" finished-at="2021-02-24T23:21:06Z" duration-ms="14216" status="PASS">
          <params>
            <param index="0">
              <value>
                <![CDATA[temp/Scripts/Register/Script1611241895950.groovy]]>
              </value>
            </param>
          </params>
          <reporter-output>
          </reporter-output>
        </test-method> <!-- runScript -->
      </class> <!-- com.console.RunScript -->
    </test> <!-- Register -->
    <test started-at="2021-02-25T04:21:06Z" name="Login" finished-at="2021-02-25T04:21:06Z" duration-ms="41">
      <class name="com.console.RunScript">
        <test-method signature="runScript(java.lang.String)[pri:0, instance:com.console.RunScript@71b1a49c]" started-at="2021-02-24T23:21:06Z" name="runScript" finished-at="2021-02-24T23:21:06Z" duration-ms="41" status="FAIL">
          <params>
            <param index="0">
              <value>
                <![CDATA[temp/Scripts/Login/Script1611188057074.groovy]]>
              </value>
            </param>
          </params>
          <exception class="java.lang.AssertionError">
            <message>
              <![CDATA[groovy.lang.MissingMethodException: No signature of method: static com.configuration.RunConfiguration.getExecutionProperties() is applicable for argument types: () values: []]]>
            </message>
            <full-stacktrace>
              <![CDATA[java.lang.AssertionError: groovy.lang.MissingMethodException: No signature of method: static com.configuration.RunConfiguration.getExecutionProperties() is applicable for argument types: () values: []
	at org.testng.Assert.fail(Assert.java:93)
	at com.console.RunScript.runScript(RunScript.java:26)
	at java.base/jdk.internal.reflect.NativeMethodAccessorImpl.invoke0(Native Method)
	at java.base/jdk.internal.reflect.NativeMethodAccessorImpl.invoke(NativeMethodAccessorImpl.java:64)
	at java.base/jdk.internal.reflect.DelegatingMethodAccessorImpl.invoke(DelegatingMethodAccessorImpl.java:43)
	at java.base/java.lang.reflect.Method.invoke(Method.java:564)
	at org.testng.internal.MethodInvocationHelper.invokeMethod(MethodInvocationHelper.java:108)
	at org.testng.internal.Invoker.invokeMethod(Invoker.java:661)
	at org.testng.internal.Invoker.invokeTestMethod(Invoker.java:869)
	at org.testng.internal.Invoker.invokeTestMethods(Invoker.java:1193)
	at org.testng.internal.TestMethodWorker.invokeTestMethods(TestMethodWorker.java:126)
	at org.testng.internal.TestMethodWorker.run(TestMethodWorker.java:109)
	at org.testng.TestRunner.privateRun(TestRunner.java:744)
	at org.testng.TestRunner.run(TestRunner.java:602)
	at org.testng.SuiteRunner.runTest(SuiteRunner.java:380)
	at org.testng.SuiteRunner.runSequentially(SuiteRunner.java:375)
	at org.testng.SuiteRunner.privateRun(SuiteRunner.java:340)
	at org.testng.SuiteRunner.run(SuiteRunner.java:289)
	at org.testng.SuiteRunnerWorker.runSuite(SuiteRunnerWorker.java:52)
	at org.testng.SuiteRunnerWorker.run(SuiteRunnerWorker.java:86)
	at org.testng.TestNG.runSuitesSequentially(TestNG.java:1301)
	at org.testng.TestNG.runSuitesLocally(TestNG.java:1226)
	at org.testng.TestNG.runSuites(TestNG.java:1144)
	at org.testng.TestNG.run(TestNG.java:1115)
	at com.console.Execute.run(Execute.java:61)
	at com.console.RunConsole.console(RunConsole.java:59)
	at com.console.Main.main(Main.java:85)
]]>
            </full-stacktrace>
          </exception> <!-- java.lang.AssertionError -->
          <reporter-output>
          </reporter-output>
        </test-method> <!-- runScript -->
      </class> <!-- com.console.RunScript -->
    </test> <!-- Login -->
    <test started-at="2021-02-25T04:21:06Z" name="Add Contact_Delete Contact" finished-at="2021-02-25T04:21:13Z" duration-ms="6756">
      <class name="com.console.RunScript">
        <test-method signature="runScript(java.lang.String)[pri:0, instance:com.console.RunScript@9fecdf1]" started-at="2021-02-24T23:21:06Z" name="runScript" finished-at="2021-02-24T23:21:13Z" duration-ms="6755" status="PASS">
          <params>
            <param index="0">
              <value>
                <![CDATA[temp/Scripts/Add Contact_Delete Contact/Script1611247483450.groovy]]>
              </value>
            </param>
          </params>
          <reporter-output>
          </reporter-output>
        </test-method> <!-- runScript -->
      </class> <!-- com.console.RunScript -->
    </test> <!-- Add Contact_Delete Contact -->
    <test started-at="2021-02-25T04:21:13Z" name="Verify Existing Contacts" finished-at="2021-02-25T04:21:15Z" duration-ms="2611">
      <class name="com.console.RunScript">
        <test-method signature="runScript(java.lang.String)[pri:0, instance:com.console.RunScript@232024b9]" started-at="2021-02-24T23:21:13Z" name="runScript" finished-at="2021-02-24T23:21:15Z" duration-ms="2610" status="PASS">
          <params>
            <param index="0">
              <value>
                <![CDATA[temp/Scripts/Verify Existing Contacts/Script1611259297228.groovy]]>
              </value>
            </param>
          </params>
          <reporter-output>
          </reporter-output>
        </test-method> <!-- runScript -->
      </class> <!-- com.console.RunScript -->
    </test> <!-- Verify Existing Contacts -->
  </suite> <!-- TmpSuite -->
</testng-results>
